<?xml version="1.0" encoding="UTF-8"?>
<!-- Generated by org.testng.reporters.JUnitXMLReporter -->
<testsuite ignored="0" hostname="DESKTOP-EQTMKEK" failures="0" tests="4" name="Test" time="20.064" errors="0" timestamp="2023-01-04T10:36:55 EST">
  <testcase classname="Project001.MavenLab.SwitchingWindows" name="switchingwindows" time="4.291"/>
  <testcase classname="Project001.MavenLab.DragAndDrop" name="dragdrop" time="8.394"/>
  <testcase classname="Project001.MavenLab.HandlingRadioButton" name="handlingradio" time="4.6"/>
  <testcase classname="Project001.MavenLab.HandlingCaptcha" name="handlingcaptcha" time="2.731"/>
</testsuite> <!-- Test -->
